<?xml version="1.0" encoding="UTF-8"?>
<!-- Generated by org.testng.reporters.JUnitReportReporter -->
<testsuite hostname="ManiTheertham" failures="0" tests="1" name="samplePac.PracticeTest" time="0.027" errors="0" timestamp="27 Jul 2022 12:00:20 GMT">
  <testcase classname="samplePac.PracticeTest" name="sample" time="0.027"/>
</testsuite> <!-- samplePac.PracticeTest -->
